This is pdfTeX, Version 3.141592653-2.6-1.40.23 (MiKTeX 21.10) (preloaded format=pdflatex 2021.10.24)  3 DEC 2021 10:28
entering extended mode
**"./Shrey Project.tex"
(Shrey Project.tex
LaTeX2e <2021-06-01> patch level 1
L3 programming layer <2021-10-18>
(C:\Program Files\MiKTeX\tex/latex/base\article.cls
Document Class: article 2021/02/12 v1.4n Standard LaTeX document class
(C:\Program Files\MiKTeX\tex/latex/base\size12.clo
File: size12.clo 2021/02/12 v1.4n Standard LaTeX file (size option)
)
\c@part=\count182
\c@section=\count183
\c@subsection=\count184
\c@subsubsection=\count185
\c@paragraph=\count186
\c@subparagraph=\count187
\c@figure=\count188
\c@table=\count189
\abovecaptionskip=\skip47
\belowcaptionskip=\skip48
\bibindent=\dimen138
)
(C:\Program Files\MiKTeX\tex/latex/geometry\geometry.sty
Package: geometry 2020/01/02 v5.9 Page Geometry

(C:\Program Files\MiKTeX\tex/latex/graphics\keyval.sty
Package: keyval 2014/10/28 v1.15 key=value parser (DPC)
\KV@toks@=\toks16
)
(C:\Program Files\MiKTeX\tex/generic/iftex\ifvtex.sty
Package: ifvtex 2019/10/25 v1.7 ifvtex legacy package. Use iftex instead.

(C:\Program Files\MiKTeX\tex/generic/iftex\iftex.sty
Package: iftex 2020/03/06 v1.0d TeX engine tests
))
\Gm@cnth=\count190
\Gm@cntv=\count191
\c@Gm@tempcnt=\count192
\Gm@bindingoffset=\dimen139
\Gm@wd@mp=\dimen140
\Gm@odd@mp=\dimen141
\Gm@even@mp=\dimen142
\Gm@layoutwidth=\dimen143
\Gm@layoutheight=\dimen144
\Gm@layouthoffset=\dimen145
\Gm@layoutvoffset=\dimen146
\Gm@dimlist=\toks17

(C:\Program Files\MiKTeX\tex/latex/geometry\geometry.cfg))
(C:\Program Files\MiKTeX\tex/latex/amsmath\amsmath.sty
Package: amsmath 2021/04/20 v2.17j AMS math features
\@mathmargin=\skip49

For additional information on amsmath, use the `?' option.
(C:\Program Files\MiKTeX\tex/latex/amsmath\amstext.sty
Package: amstext 2000/06/29 v2.01 AMS text

(C:\Program Files\MiKTeX\tex/latex/amsmath\amsgen.sty
File: amsgen.sty 1999/11/30 v2.0 generic functions
\@emptytoks=\toks18
\ex@=\dimen147
))
(C:\Program Files\MiKTeX\tex/latex/amsmath\amsbsy.sty
Package: amsbsy 1999/11/29 v1.2d Bold Symbols
\pmbraise@=\dimen148
)
(C:\Program Files\MiKTeX\tex/latex/amsmath\amsopn.sty
Package: amsopn 2016/03/08 v2.02 operator names
)
\inf@bad=\count193
LaTeX Info: Redefining \frac on input line 234.
\uproot@=\count194
\leftroot@=\count195
LaTeX Info: Redefining \overline on input line 399.
\classnum@=\count196
\DOTSCASE@=\count197
LaTeX Info: Redefining \ldots on input line 496.
LaTeX Info: Redefining \dots on input line 499.
LaTeX Info: Redefining \cdots on input line 620.
\Mathstrutbox@=\box50
\strutbox@=\box51
\big@size=\dimen149
LaTeX Font Info:    Redeclaring font encoding OML on input line 743.
LaTeX Font Info:    Redeclaring font encoding OMS on input line 744.
\macc@depth=\count198
\c@MaxMatrixCols=\count199
\dotsspace@=\muskip16
\c@parentequation=\count266
\dspbrk@lvl=\count267
\tag@help=\toks19
\row@=\count268
\column@=\count269
\maxfields@=\count270
\andhelp@=\toks20
\eqnshift@=\dimen150
\alignsep@=\dimen151
\tagshift@=\dimen152
\tagwidth@=\dimen153
\totwidth@=\dimen154
\lineht@=\dimen155
\@envbody=\toks21
\multlinegap=\skip50
\multlinetaggap=\skip51
\mathdisplay@stack=\toks22
LaTeX Info: Redefining \[ on input line 2923.
LaTeX Info: Redefining \] on input line 2924.
)
(C:\Program Files\MiKTeX\tex/latex/amsfonts\amssymb.sty
Package: amssymb 2013/01/14 v3.01 AMS font symbols

(C:\Program Files\MiKTeX\tex/latex/amsfonts\amsfonts.sty
Package: amsfonts 2013/01/14 v3.01 Basic AMSFonts support
\symAMSa=\mathgroup4
\symAMSb=\mathgroup5
LaTeX Font Info:    Redeclaring math symbol \hbar on input line 98.
LaTeX Font Info:    Overwriting math alphabet `\mathfrak' in version `bold'
(Font)                  U/euf/m/n --> U/euf/b/n on input line 106.
))
(C:\Program Files\MiKTeX\tex/latex/mathtools\mathtools.sty
Package: mathtools 2021/04/12 v1.27 mathematical typesetting tools

(C:\Program Files\MiKTeX\tex/latex/tools\calc.sty
Package: calc 2017/05/25 v4.3 Infix arithmetic (KKT,FJ)
\calc@Acount=\count271
\calc@Bcount=\count272
\calc@Adimen=\dimen156
\calc@Bdimen=\dimen157
\calc@Askip=\skip52
\calc@Bskip=\skip53
LaTeX Info: Redefining \setlength on input line 80.
LaTeX Info: Redefining \addtolength on input line 81.
\calc@Ccount=\count273
\calc@Cskip=\skip54
)
(C:\Program Files\MiKTeX\tex/latex/mathtools\mhsetup.sty
Package: mhsetup 2021/03/18 v1.4 programming setup (MH)
)
LaTeX Info: Thecontrolsequence`\('isalreadyrobust on input line 130.
LaTeX Info: Thecontrolsequence`\)'isalreadyrobust on input line 130.
LaTeX Info: Thecontrolsequence`\['isalreadyrobust on input line 130.
LaTeX Info: Thecontrolsequence`\]'isalreadyrobust on input line 130.
\g_MT_multlinerow_int=\count274
\l_MT_multwidth_dim=\dimen158
\origjot=\skip55
\l_MT_shortvdotswithinadjustabove_dim=\dimen159
\l_MT_shortvdotswithinadjustbelow_dim=\dimen160
\l_MT_above_intertext_sep=\dimen161
\l_MT_below_intertext_sep=\dimen162
\l_MT_above_shortintertext_sep=\dimen163
\l_MT_below_shortintertext_sep=\dimen164
\xmathstrut@box=\box52
\xmathstrut@dim=\dimen165
)
(C:\Program Files\MiKTeX\tex/latex/amscls\amsthm.sty
Package: amsthm 2020/05/29 v2.20.6
\thm@style=\toks23
\thm@bodyfont=\toks24
\thm@headfont=\toks25
\thm@notefont=\toks26
\thm@headpunct=\toks27
\thm@preskip=\skip56
\thm@postskip=\skip57
\thm@headsep=\skip58
\dth@everypar=\toks28
)
(C:\Program Files\MiKTeX\tex/latex/base\textcomp.sty
Package: textcomp 2020/02/02 v2.0n Standard LaTeX package
)
(C:\Program Files\MiKTeX\tex/latex/amsrefs\mathscinet.sty
Package: mathscinet 2002/04/17 v1.05

(C:\Program Files\MiKTeX\tex/latex/amsrefs\textcmds.sty
Package: textcmds 2012/08/02 v2.00
))
(C:\Program Files\MiKTeX\tex/latex/listings\listings.sty
\lst@mode=\count275
\lst@gtempboxa=\box53
\lst@token=\toks29
\lst@length=\count276
\lst@currlwidth=\dimen166
\lst@column=\count277
\lst@pos=\count278
\lst@lostspace=\dimen167
\lst@width=\dimen168
\lst@newlines=\count279
\lst@lineno=\count280
\lst@maxwidth=\dimen169

(C:\Program Files\MiKTeX\tex/latex/listings\lstmisc.sty
File: lstmisc.sty 2020/03/24 1.8d (Carsten Heinz)
\c@lstnumber=\count281
\lst@skipnumbers=\count282
\lst@framebox=\box54
)
(C:\Program Files\MiKTeX\tex/latex/listings\listings.cfg
File: listings.cfg 2020/03/24 1.8d listings configuration
))
Package: listings 2020/03/24 1.8d (Carsten Heinz)

(C:\Program Files\MiKTeX\tex/latex/graphics\graphicx.sty
Package: graphicx 2020/12/05 v1.2c Enhanced LaTeX Graphics (DPC,SPQR)

(C:\Program Files\MiKTeX\tex/latex/graphics\graphics.sty
Package: graphics 2021/03/04 v1.4d Standard LaTeX Graphics (DPC,SPQR)

(C:\Program Files\MiKTeX\tex/latex/graphics\trig.sty
Package: trig 2016/01/03 v1.10 sin cos tan (DPC)
)
(C:\Program Files\MiKTeX\tex/latex/graphics-cfg\graphics.cfg
File: graphics.cfg 2016/06/04 v1.11 sample graphics configuration
)
Package graphics Info: Driver file: pdftex.def on input line 107.

(C:\Program Files\MiKTeX\tex/latex/graphics-def\pdftex.def
File: pdftex.def 2020/10/05 v1.2a Graphics/color driver for pdftex
))
\Gin@req@height=\dimen170
\Gin@req@width=\dimen171
)
(C:\Program Files\MiKTeX\tex/latex/tools\enumerate.sty
Package: enumerate 2015/07/23 v3.00 enumerate extensions (DPC)
\@enLab=\toks30
)
(C:\Program Files\MiKTeX\tex/latex/caption\subcaption.sty
Package: subcaption 2020/10/07 v1.3j Sub-captions (AR)

(C:\Program Files\MiKTeX\tex/latex/caption\caption.sty
Package: caption 2020/10/26 v3.5g Customizing captions (AR)

(C:\Program Files\MiKTeX\tex/latex/caption\caption3.sty
Package: caption3 2020/10/21 v2.2e caption3 kernel (AR)
\captionmargin=\dimen172
\captionmargin@=\dimen173
\captionwidth=\dimen174
\caption@tempdima=\dimen175
\caption@indent=\dimen176
\caption@parindent=\dimen177
\caption@hangindent=\dimen178
Package caption Info: Standard document class detected.
)
\c@caption@flags=\count283
\c@continuedfloat=\count284
Package caption Info: listings package is loaded.
)
\c@subfigure=\count285
\c@subtable=\count286
)
(C:\Program Files\MiKTeX\tex/latex/placeins\placeins.sty
Package: placeins 2005/04/18  v 2.2
)
(C:\Program Files\MiKTeX\tex/latex/hyperref\hyperref.sty
Package: hyperref 2021-06-07 v7.00m Hypertext links for LaTeX

(C:\Program Files\MiKTeX\tex/generic/ltxcmds\ltxcmds.sty
Package: ltxcmds 2020-05-10 v1.25 LaTeX kernel commands for general use (HO)
)
(C:\Program Files\MiKTeX\tex/generic/pdftexcmds\pdftexcmds.sty
Package: pdftexcmds 2020-06-27 v0.33 Utility functions of pdfTeX for LuaTeX (HO
)

(C:\Program Files\MiKTeX\tex/generic/infwarerr\infwarerr.sty
Package: infwarerr 2019/12/03 v1.5 Providing info/warning/error messages (HO)
)
Package pdftexcmds Info: \pdf@primitive is available.
Package pdftexcmds Info: \pdf@ifprimitive is available.
Package pdftexcmds Info: \pdfdraftmode found.
)
(C:\Program Files\MiKTeX\tex/generic/kvsetkeys\kvsetkeys.sty
Package: kvsetkeys 2019/12/15 v1.18 Key value parser (HO)
)
(C:\Program Files\MiKTeX\tex/generic/kvdefinekeys\kvdefinekeys.sty
Package: kvdefinekeys 2019-12-19 v1.6 Define keys (HO)
)
(C:\Program Files\MiKTeX\tex/generic/pdfescape\pdfescape.sty
Package: pdfescape 2019/12/09 v1.15 Implements pdfTeX's escape features (HO)
)
(C:\Program Files\MiKTeX\tex/latex/hycolor\hycolor.sty
Package: hycolor 2020-01-27 v1.10 Color options for hyperref/bookmark (HO)
)
(C:\Program Files\MiKTeX\tex/latex/letltxmacro\letltxmacro.sty
Package: letltxmacro 2019/12/03 v1.6 Let assignment for LaTeX macros (HO)
)
(C:\Program Files\MiKTeX\tex/latex/auxhook\auxhook.sty
Package: auxhook 2019-12-17 v1.6 Hooks for auxiliary files (HO)
)
(C:\Program Files\MiKTeX\tex/latex/kvoptions\kvoptions.sty
Package: kvoptions 2020-10-07 v3.14 Key value format for package options (HO)
)
\@linkdim=\dimen179
\Hy@linkcounter=\count287
\Hy@pagecounter=\count288

(C:\Program Files\MiKTeX\tex/latex/hyperref\pd1enc.def
File: pd1enc.def 2021-06-07 v7.00m Hyperref: PDFDocEncoding definition (HO)
Now handling font encoding PD1 ...
... no UTF-8 mapping file for font encoding PD1
)
(C:\Program Files\MiKTeX\tex/latex/hyperref\hyperref-langpatches.def
File: hyperref-langpatches.def 2021-06-07 v7.00m Hyperref: patches for babel la
nguages
)
(C:\Program Files\MiKTeX\tex/generic/intcalc\intcalc.sty
Package: intcalc 2019/12/15 v1.3 Expandable calculations with integers (HO)
)
(C:\Program Files\MiKTeX\tex/generic/etexcmds\etexcmds.sty
Package: etexcmds 2019/12/15 v1.7 Avoid name clashes with e-TeX commands (HO)
)
\Hy@SavedSpaceFactor=\count289

(C:\Program Files\MiKTeX\tex/latex/hyperref\puenc.def
File: puenc.def 2021-06-07 v7.00m Hyperref: PDF Unicode definition (HO)
Now handling font encoding PU ...
... no UTF-8 mapping file for font encoding PU
)
Package hyperref Info: Hyper figures OFF on input line 4192.
Package hyperref Info: Link nesting OFF on input line 4197.
Package hyperref Info: Hyper index ON on input line 4200.
Package hyperref Info: Plain pages OFF on input line 4207.
Package hyperref Info: Backreferencing OFF on input line 4212.
Package hyperref Info: Implicit mode ON; LaTeX internals redefined.
Package hyperref Info: Bookmarks ON on input line 4445.
\c@Hy@tempcnt=\count290

(C:\Program Files\MiKTeX\tex/latex/url\url.sty
\Urlmuskip=\muskip17
Package: url 2013/09/16  ver 3.4  Verb mode for urls, etc.
)
LaTeX Info: Redefining \url on input line 4804.
\XeTeXLinkMargin=\dimen180

(C:\Program Files\MiKTeX\tex/generic/bitset\bitset.sty
Package: bitset 2019/12/09 v1.3 Handle bit-vector datatype (HO)

(C:\Program Files\MiKTeX\tex/generic/bigintcalc\bigintcalc.sty
Package: bigintcalc 2019/12/15 v1.5 Expandable calculations on big integers (HO
)
))
\Fld@menulength=\count291
\Field@Width=\dimen181
\Fld@charsize=\dimen182
Package hyperref Info: Hyper figures OFF on input line 6076.
Package hyperref Info: Link nesting OFF on input line 6081.
Package hyperref Info: Hyper index ON on input line 6084.
Package hyperref Info: backreferencing OFF on input line 6091.
Package hyperref Info: Link coloring OFF on input line 6096.
Package hyperref Info: Link coloring with OCG OFF on input line 6101.
Package hyperref Info: PDF/A mode OFF on input line 6106.
LaTeX Info: Redefining \ref on input line 6146.
LaTeX Info: Redefining \pageref on input line 6150.

(C:\Program Files\MiKTeX\tex/latex/base\atbegshi-ltx.sty
Package: atbegshi-ltx 2021/01/10 v1.0c Emulation of the original atbegshi
package with kernel methods
)
\Hy@abspage=\count292
\c@Item=\count293
\c@Hfootnote=\count294
)
Package hyperref Info: Driver (autodetected): hpdftex.

(C:\Program Files\MiKTeX\tex/latex/hyperref\hpdftex.def
File: hpdftex.def 2021-06-07 v7.00m Hyperref driver for pdfTeX

(C:\Program Files\MiKTeX\tex/latex/base\atveryend-ltx.sty
Package: atveryend-ltx 2020/08/19 v1.0a Emulation of the original atvery packag
e
with kernel methods
)
\Fld@listcount=\count295
\c@bookmark@seq@number=\count296

(C:\Program Files\MiKTeX\tex/latex/rerunfilecheck\rerunfilecheck.sty
Package: rerunfilecheck 2019/12/05 v1.9 Rerun checks for auxiliary files (HO)

(C:\Program Files\MiKTeX\tex/generic/uniquecounter\uniquecounter.sty
Package: uniquecounter 2019/12/15 v1.4 Provide unlimited unique counter (HO)
)
Package uniquecounter Info: New unique counter `rerunfilecheck' on input line 2
86.
)
\Hy@SectionHShift=\skip59
)
(C:\Program Files\MiKTeX\tex/latex/setspace\setspace.sty
Package: setspace 2011/12/19 v6.7a set line spacing
)
(C:\Program Files\MiKTeX\tex/latex/base\inputenc.sty
Package: inputenc 2021/02/14 v1.3d Input encoding file
\inpenc@prehook=\toks31
\inpenc@posthook=\toks32
)
(C:\Program Files\MiKTeX\tex/generic/babel\babel.sty
Package: babel 2021/10/19 3.65 The Babel package
\babel@savecnt=\count297
\U@D=\dimen183
\l@unhyphenated=\language84

(C:\Program Files\MiKTeX\tex/generic/babel\txtbabel.def)
\bbl@readstream=\read2
\bbl@dirlevel=\count298

*************************************
* Local config file bblopts.cfg used
*
(C:\Program Files\MiKTeX\tex/latex/arabi\bblopts.cfg
File: bblopts.cfg 2005/09/08 v0.1 add Arabic and Farsi to "declared" options of
 babel
)
(C:\Program Files\MiKTeX\tex/latex/babel-english\english.ldf
Language: english 2017/06/06 v3.3r English support from the babel system
Package babel Info: Hyphen rules for 'canadian' set to \l@english
(babel)             (\language0). Reported on input line 102.
Package babel Info: Hyphen rules for 'australian' set to \l@ukenglish
(babel)             (\language78). Reported on input line 105.
Package babel Info: Hyphen rules for 'newzealand' set to \l@ukenglish
(babel)             (\language78). Reported on input line 108.
))
(C:\Program Files\MiKTeX\tex/latex/booktabs\booktabs.sty
Package: booktabs 2020/01/12 v1.61803398 Publication quality tables
\heavyrulewidth=\dimen184
\lightrulewidth=\dimen185
\cmidrulewidth=\dimen186
\belowrulesep=\dimen187
\belowbottomsep=\dimen188
\aboverulesep=\dimen189
\abovetopsep=\dimen190
\cmidrulesep=\dimen191
\cmidrulekern=\dimen192
\defaultaddspace=\dimen193
\@cmidla=\count299
\@cmidlb=\count300
\@aboverulesep=\dimen194
\@belowrulesep=\dimen195
\@thisruleclass=\count301
\@lastruleclass=\count302
\@thisrulewidth=\dimen196
)
(C:\Program Files\MiKTeX\tex/latex/multirow\multirow.sty
Package: multirow 2021/03/15 v2.8 Span multiple rows of a table
\multirow@colwidth=\skip60
\multirow@cntb=\count303
\multirow@dima=\skip61
\bigstrutjot=\dimen197
)
(C:\Program Files\MiKTeX\tex/latex/blkarray\blkarray.sty
Package: blkarray 2015/02/27 v0.07 Block array (dpc)
\c@BAenumi=\count304
\BA@col=\count305
\BA@block@cnt=\count306
\BA@final@box=\box55
\BA@first@box=\box56
\BA@colsep=\dimen198
\BA@ftn=\toks33
\BAextrarowheight=\dimen199
\BAextraheightafterhline=\dimen256
\BAarrayrulewidth=\dimen257
\BAdoublerulesep=\dimen258
\BAfootskip=\dimen259
\BA@dashbox=\box57
\BA@ddashbox=\box58
)
(C:\Program Files\MiKTeX\tex/latex/graphics\lscape.sty
Package: lscape 2020/05/28 v3.02 Landscape Pages (DPC)
)
(C:\Program Files\MiKTeX\tex/latex/base\fontenc.sty
Package: fontenc 2021/04/29 v2.0v Standard LaTeX package
)
(C:\Program Files\MiKTeX\tex/latex/preprint\authblk.sty
Package: authblk 2001/02/27 1.3 (PWD)
\affilsep=\skip62
\@affilsep=\skip63
\c@Maxaffil=\count307
\c@authors=\count308
\c@affil=\count309
)
(C:\Program Files\MiKTeX\tex/latex/graphics\color.sty
Package: color 2020/02/24 v1.2b Standard LaTeX Color (DPC)

(C:\Program Files\MiKTeX\tex/latex/graphics-cfg\color.cfg
File: color.cfg 2016/01/02 v1.6 sample color configuration
)
Package color Info: Driver file: pdftex.def on input line 149.
)
(C:\Program Files\MiKTeX\tex/latex/tools\dcolumn.sty
Package: dcolumn 2014/10/28 v1.06 decimal alignment package (DPC)

(C:\Program Files\MiKTeX\tex/latex/tools\array.sty
Package: array 2021/04/20 v2.5e Tabular extension package (FMi)
\col@sep=\dimen260
\ar@mcellbox=\box59
\extrarowheight=\dimen261
\NC@list=\toks34
\extratabsurround=\skip64
\backup@length=\skip65
\ar@cellbox=\box60
))
(C:\Program Files\MiKTeX\tex/latex/float\float.sty
Package: float 2001/11/08 v1.3d Float enhancements (AL)
\c@float@type=\count310
\float@exts=\toks35
\float@box=\box61
\@float@everytoks=\toks36
\@floatcapt=\box62
)
(C:\Program Files\MiKTeX\tex/latex/oberdiek\centernot.sty
Package: centernot 2016/05/16 v1.4 Centers the not symbol horizontally (HO)
)
(C:\Program Files\MiKTeX\tex/latex/psnfss\times.sty
Package: times 2020/03/25 PSNFSS-v9.3 (SPQR) 
)
(C:\Program Files\MiKTeX\tex/latex/tocbibind\tocbibind.sty
Package: tocbibind 2010/10/13 v1.5k extra ToC listings
Package tocbibind Info: The document has section divisions on input line 50.


Package tocbibind Note: Using section or other style headings.

) (C:\Program Files\MiKTeX\tex/latex/amsfonts\eucal.sty
Package: eucal 2009/06/22 v3.00 Euler Script fonts
LaTeX Font Info:    Overwriting math alphabet `\EuScript' in version `bold'
(Font)                  U/eus/m/n --> U/eus/b/n on input line 33.
)
(C:\Program Files\MiKTeX\tex/latex/cancel\cancel.sty
Package: cancel 2013/04/12 v2.2 Cancel math terms
)
\c@proposition=\count311
\c@theorem=\count312
\c@cor=\count313
\c@corollary=\count314
\c@remark=\count315
\c@remarks=\count316
\c@lemma=\count317
\c@definition=\count318
\c@example=\count319
\c@results=\count320

(C:\Program Files\MiKTeX\tex/latex/xcolor\xcolor.sty
Package: xcolor 2016/05/11 v2.12 LaTeX color extensions (UK)

(C:\Program Files\MiKTeX\tex/latex/graphics-cfg\color.cfg
File: color.cfg 2016/01/02 v1.6 sample color configuration
)
Package xcolor Info: Driver file: pdftex.def on input line 225.
LaTeX Info: Redefining \color on input line 709.
Package xcolor Info: Model `cmy' substituted by `cmy0' on input line 1348.
Package xcolor Info: Model `hsb' substituted by `rgb' on input line 1352.
Package xcolor Info: Model `RGB' extended on input line 1364.
Package xcolor Info: Model `HTML' substituted by `rgb' on input line 1366.
Package xcolor Info: Model `Hsb' substituted by `hsb' on input line 1367.
Package xcolor Info: Model `tHsb' substituted by `hsb' on input line 1368.
Package xcolor Info: Model `HSB' substituted by `hsb' on input line 1369.
Package xcolor Info: Model `Gray' substituted by `gray' on input line 1370.
Package xcolor Info: Model `wave' substituted by `hsb' on input line 1371.
)
LaTeX Font Info:    Trying to load font information for T1+ptm on input line 85
.

(C:\Program Files\MiKTeX\tex/latex/psnfss\t1ptm.fd
File: t1ptm.fd 2001/06/04 font definitions for T1/ptm.
)
(C:\Program Files\MiKTeX\tex/latex/l3backend\l3backend-pdftex.def
File: l3backend-pdftex.def 2021-10-18 L3 backend support: PDF output (pdfTeX)
\l__color_backend_stack_int=\count321
\l__pdf_internal_box=\box63
)
(Shrey Project.aux)
\openout1 = `"Shrey Project.aux"'.

LaTeX Font Info:    Checking defaults for OML/cmm/m/it on input line 85.
LaTeX Font Info:    ... okay on input line 85.
LaTeX Font Info:    Checking defaults for OMS/cmsy/m/n on input line 85.
LaTeX Font Info:    ... okay on input line 85.
LaTeX Font Info:    Checking defaults for OT1/cmr/m/n on input line 85.
LaTeX Font Info:    ... okay on input line 85.
LaTeX Font Info:    Checking defaults for T1/cmr/m/n on input line 85.
LaTeX Font Info:    ... okay on input line 85.
LaTeX Font Info:    Checking defaults for TS1/cmr/m/n on input line 85.
LaTeX Font Info:    ... okay on input line 85.
LaTeX Font Info:    Checking defaults for OMX/cmex/m/n on input line 85.
LaTeX Font Info:    ... okay on input line 85.
LaTeX Font Info:    Checking defaults for U/cmr/m/n on input line 85.
LaTeX Font Info:    ... okay on input line 85.
LaTeX Font Info:    Checking defaults for PD1/pdf/m/n on input line 85.
LaTeX Font Info:    ... okay on input line 85.
LaTeX Font Info:    Checking defaults for PU/pdf/m/n on input line 85.
LaTeX Font Info:    ... okay on input line 85.

*geometry* driver: auto-detecting
*geometry* detected driver: pdftex
*geometry* verbose mode - [ preamble ] result:
* driver: pdftex
* paper: a4paper
* layout: <same size as paper>
* layoutoffset:(h,v)=(0.0pt,0.0pt)
* modes: 
* h-part:(L,W,R)=(53.03583pt, 491.43622pt, 53.03583pt)
* v-part:(T,H,B)=(83.62823pt, 635.97621pt, 125.4424pt)
* \paperwidth=597.50787pt
* \paperheight=845.04684pt
* \textwidth=491.43622pt
* \textheight=635.97621pt
* \oddsidemargin=-19.23416pt
* \evensidemargin=-19.23416pt
* \topmargin=-25.64175pt
* \headheight=12.0pt
* \headsep=25.0pt
* \topskip=12.0pt
* \footskip=30.0pt
* \marginparwidth=44.0pt
* \marginparsep=10.0pt
* \columnsep=10.0pt
* \skip\footins=10.8pt plus 4.0pt minus 2.0pt
* \hoffset=0.0pt
* \voffset=0.0pt
* \mag=1000
* \@twocolumnfalse
* \@twosidefalse
* \@mparswitchfalse
* \@reversemarginfalse
* (1in=72.27pt=25.4mm, 1cm=28.453pt)

\c@lstlisting=\count322
(C:\Program Files\MiKTeX\tex/context/base/mkii\supp-pdf.mkii
[Loading MPS to PDF converter (version 2006.09.02).]
\scratchcounter=\count323
\scratchdimen=\dimen262
\scratchbox=\box64
\nofMPsegments=\count324
\nofMParguments=\count325
\everyMPshowfont=\toks37
\MPscratchCnt=\count326
\MPscratchDim=\dimen263
\MPnumerator=\count327
\makeMPintoPDFobject=\count328
\everyMPtoPDFconversion=\toks38
) (C:\Program Files\MiKTeX\tex/latex/epstopdf-pkg\epstopdf-base.sty
Package: epstopdf-base 2020-01-24 v2.11 Base part for package epstopdf
Package epstopdf-base Info: Redefining graphics rule for `.eps' on input line 4
85.

(C:\Program Files\MiKTeX\tex/latex/00miktex\epstopdf-sys.cfg
File: epstopdf-sys.cfg 2021/03/18 v2.0 Configuration of epstopdf for MiKTeX
))
Package caption Info: Begin \AtBeginDocument code.
Package caption Info: float package is loaded.
Package caption Info: hyperref package is loaded.
Package caption Info: End \AtBeginDocument code.
Package hyperref Info: Link coloring OFF on input line 85.

(C:\Program Files\MiKTeX\tex/latex/hyperref\nameref.sty
Package: nameref 2021-04-02 v2.47 Cross-referencing by name of section

(C:\Program Files\MiKTeX\tex/latex/refcount\refcount.sty
Package: refcount 2019/12/15 v3.6 Data extraction from label references (HO)
)
(C:\Program Files\MiKTeX\tex/generic/gettitlestring\gettitlestring.sty
Package: gettitlestring 2019/12/15 v1.6 Cleanup title references (HO)
)
\c@section@level=\count329
)
LaTeX Info: Redefining \ref on input line 85.
LaTeX Info: Redefining \pageref on input line 85.
LaTeX Info: Redefining \nameref on input line 85.

(Shrey Project.out) (Shrey Project.out)
\@outlinefile=\write3
\openout3 = `"Shrey Project.out"'.

<iitbhu.png, id=71, 52.998pt x 54.2025pt>
File: iitbhu.png Graphic file (type png)
<use iitbhu.png>
Package pdftex.def Info: iitbhu.png  used on input line 102.
(pdftex.def)             Requested size: 132.49466pt x 135.5059pt.
 [1

{C:/Users/SHREY GUPTA/AppData/Local/MiKTeX/pdftex/config/pdftex.map} <./iitbhu.
png>]
LaTeX Font Info:    Trying to load font information for U+msa on input line 110
.

(C:\Program Files\MiKTeX\tex/latex/amsfonts\umsa.fd
File: umsa.fd 2013/01/14 v3.01 AMS symbols A
)
LaTeX Font Info:    Trying to load font information for U+msb on input line 110
.

(C:\Program Files\MiKTeX\tex/latex/amsfonts\umsb.fd
File: umsb.fd 2013/01/14 v3.01 AMS symbols B
)
<slide2.png, id=81, 287.27325pt x 202.356pt>
File: slide2.png Graphic file (type png)
<use slide2.png>
Package pdftex.def Info: slide2.png  used on input line 113.
(pdftex.def)             Requested size: 323.1597pt x 227.62204pt.
<graph1.png, id=82, 682.34924pt x 404.10976pt>
File: graph1.png Graphic file (type png)
<use graph1.png>
Package pdftex.def Info: graph1.png  used on input line 126.
(pdftex.def)             Requested size: 491.43622pt x 291.04512pt.
pdfTeX warning (ext4): destination with the same identifier (name{page.1}) has 
been already used, duplicate ignored
<to be read again> 
                   \relax 
l.128 \begin{equation*}
                        [1

 <./slide2.png>]
<graph2.png, id=90, 682.34924pt x 404.10976pt>
File: graph2.png Graphic file (type png)
<use graph2.png>
Package pdftex.def Info: graph2.png  used on input line 140.
(pdftex.def)             Requested size: 284.5232pt x 284.5336pt.
 [2 <./graph1.png>]
<graph3.png, id=99, 520.94624pt x 353.52075pt>
File: graph3.png Graphic file (type png)
<use graph3.png>
Package pdftex.def Info: graph3.png  used on input line 150.
(pdftex.def)             Requested size: 284.52612pt x 284.54315pt.
 [3 <./graph2.png>] [4 <./graph3.png>] [5] [6] [7]
<graph4.jpg, id=134, 389.20406pt x 274.77657pt>
File: graph4.jpg Graphic file (type jpg)
<use graph4.jpg>
Package pdftex.def Info: graph4.jpg  used on input line 296.
(pdftex.def)             Requested size: 426.80739pt x 142.2683pt.
 [8 <./graph4.jpg>] [9] [10]
<graph5.png, id=148, 326.4195pt x 264.99pt>
File: graph5.png Graphic file (type png)
<use graph5.png>
Package pdftex.def Info: graph5.png  used on input line 389.
(pdftex.def)             Requested size: 156.67957pt x 127.19374pt.
<graph6.png, id=149, 320.99925pt x 257.16075pt>
File: graph6.png Graphic file (type png)
<use graph6.png>
Package pdftex.def Info: graph6.png  used on input line 390.
(pdftex.def)             Requested size: 154.07788pt x 123.43575pt.
<graph7.png, id=150, 328.8285pt x 268.6035pt>
File: graph7.png Graphic file (type png)
<use graph7.png>
Package pdftex.def Info: graph7.png  used on input line 391.
(pdftex.def)             Requested size: 157.83588pt x 128.9282pt.
<graph8.png, id=151, 311.36325pt x 269.20575pt>
File: graph8.png Graphic file (type png)
<use graph8.png>
Package pdftex.def Info: graph8.png  used on input line 392.
(pdftex.def)             Requested size: 149.45265pt x 129.21729pt.
<graph9.png, id=152, 322.806pt x 268.6035pt>
File: graph9.png Graphic file (type png)
<use graph9.png>
Package pdftex.def Info: graph9.png  used on input line 393.
(pdftex.def)             Requested size: 154.94511pt x 128.9282pt.
<graph10.png, id=153, 328.22626pt x 263.18324pt>
File: graph10.png Graphic file (type png)
<use graph10.png>
Package pdftex.def Info: graph10.png  used on input line 394.
(pdftex.def)             Requested size: 157.5468pt x 126.32652pt.
 [11 <./graph5.png> <./graph6.png> <./graph7.png> <./graph8.png> <./graph9.png>
 <./graph10.png>]
<graph11.png, id=166, 394.47375pt x 290.2845pt>
File: graph11.png Graphic file (type png)
<use graph11.png>
Package pdftex.def Info: graph11.png  used on input line 403.
(pdftex.def)             Requested size: 245.71811pt x 180.8161pt.
<graph12.png, id=167, 803.0pt x 507.8975pt>
File: graph12.png Graphic file (type png)
<use graph12.png>
Package pdftex.def Info: graph12.png  used on input line 416.
(pdftex.def)             Requested size: 245.7172pt x 142.26457pt.

[12 <./graph11.png> <./graph12.png (PNG copy)>]
<garph13.png, id=180, 495.0495pt x 398.08725pt>
File: garph13.png Graphic file (type png)
<use garph13.png>
Package pdftex.def Info: garph13.png  used on input line 450.
(pdftex.def)             Requested size: 237.62105pt x 191.0797pt.
<graph14.png, id=181, 516.12825pt x 404.10976pt>
File: graph14.png Graphic file (type png)
<use graph14.png>
Package pdftex.def Info: graph14.png  used on input line 450.
(pdftex.def)             Requested size: 247.73874pt x 193.97047pt.
 [13] [14 <./garph13.png> <./graph14.png>]
<graph15.png, id=194, 211.38976pt x 154.77824pt>
File: graph15.png Graphic file (type png)
<use graph15.png>
Package pdftex.def Info: graph15.png  used on input line 505.
(pdftex.def)             Requested size: 211.38922pt x 154.77786pt.
 [15]
<graph16.png, id=199, 218.61674pt x 187.902pt>
File: graph16.png Graphic file (type png)
<use graph16.png>
Package pdftex.def Info: graph16.png  used on input line 509.
(pdftex.def)             Requested size: 218.6162pt x 187.90154pt.
 [16 <./graph15.png> <./graph16.png>] [17]
<graph17.png, id=211, 168.63pt x 129.48375pt>
File: graph17.png Graphic file (type png)
<use graph17.png>
Package pdftex.def Info: graph17.png  used on input line 591.
(pdftex.def)             Requested size: 259.41052pt x 199.16928pt.
 [18]
<graph18.png, id=217, 176.45924pt x 126.4725pt>
File: graph18.png Graphic file (type png)
<use graph18.png>
Package pdftex.def Info: graph18.png  used on input line 595.
(pdftex.def)             Requested size: 277.89514pt x 199.16928pt.
<graph19.png, id=218, 155.3805pt x 122.25674pt>
File: graph19.png Graphic file (type png)
<use graph19.png>
Package pdftex.def Info: graph19.png  used on input line 598.
(pdftex.def)             Requested size: 139.84113pt x 110.03004pt.
<graph20.png, id=219, 162.6075pt x 115.632pt>
File: graph20.png Graphic file (type png)
<use graph20.png>
Package pdftex.def Info: graph20.png  used on input line 599.
(pdftex.def)             Requested size: 146.3454pt x 104.06783pt.
<graph21.png, id=220, 169.8345pt x 116.23425pt>
File: graph21.png Graphic file (type png)
<use graph21.png>
Package pdftex.def Info: graph21.png  used on input line 600.
(pdftex.def)             Requested size: 152.84962pt x 104.60983pt.
 [19 <./graph17.png> <./graph18.png> <./graph19.png> <./graph20.png> <./graph21
.png>]
<graph22.png, id=231, 210.7875pt x 133.6995pt>
File: graph22.png Graphic file (type png)
<use graph22.png>
Package pdftex.def Info: graph22.png  used on input line 629.
(pdftex.def)             Requested size: 210.78699pt x 133.69916pt.
 [20]
<graph23.png, id=239, 206.57175pt x 132.495pt>
File: graph23.png Graphic file (type png)
<use graph23.png>
Package pdftex.def Info: graph23.png  used on input line 633.
(pdftex.def)             Requested size: 206.57123pt x 132.49466pt.

(C:\Program Files\MiKTeX\tex/latex/listings\lstlang1.sty
File: lstlang1.sty 2020/03/24 1.8d listings language file
)
LaTeX Font Info:    Trying to load font information for T1+pcr on input line 64
8.

(C:\Program Files\MiKTeX\tex/latex/psnfss\t1pcr.fd
File: t1pcr.fd 2001/06/04 font definitions for T1/pcr.
) [21 <./graph22.png> <./graph23.png>]
<work1.png, id=253, 367.3725pt x 123.46124pt>
File: work1.png Graphic file (type png)
<use work1.png>
Package pdftex.def Info: work1.png  used on input line 660.
(pdftex.def)             Requested size: 227.62204pt x 76.49806pt.
<work2.png, id=254, 403.5075pt x 279.0425pt>
File: work2.png Graphic file (type png)
<use work2.png>
Package pdftex.def Info: work2.png  used on input line 671.
(pdftex.def)             Requested size: 227.62204pt x 157.41234pt.
<work3.png, id=255, 370.986pt x 22.28325pt>
File: work3.png Graphic file (type png)
<use work3.png>
Package pdftex.def Info: work3.png  used on input line 678.
(pdftex.def)             Requested size: 227.62204pt x 13.67197pt.
 [22 <./work1.png> <./work2.png> <./work3.png>]
<work4.png, id=280, 695.59875pt x 279.0425pt>
File: work4.png Graphic file (type png)
<use work4.png>
Package pdftex.def Info: work4.png  used on input line 690.
(pdftex.def)             Requested size: 227.62204pt x 91.30937pt.
 [23 <./work4.png>]
<work5.png, id=321, 367.97475pt x 22.28325pt>
File: work5.png Graphic file (type png)
<use work5.png>
Package pdftex.def Info: work5.png  used on input line 735.
(pdftex.def)             Requested size: 227.62204pt x 13.78383pt.
<work6.png, id=322, 403.5075pt x 279.0425pt>
File: work6.png Graphic file (type png)
<use work6.png>
Package pdftex.def Info: work6.png  used on input line 742.
(pdftex.def)             Requested size: 170.71652pt x 118.05713pt.
<work7.png, id=323, 403.5075pt x 279.0425pt>
File: work7.png Graphic file (type png)
<use work7.png>
Package pdftex.def Info: work7.png  used on input line 761.
(pdftex.def)             Requested size: 227.62204pt x 157.41234pt.

[24 <./work5.png> <./work6.png>]
<work8.png, id=350, 403.5075pt x 279.0425pt>
File: work8.png Graphic file (type png)
<use work8.png>
Package pdftex.def Info: work8.png  used on input line 772.
(pdftex.def)             Requested size: 199.16928pt x 137.7326pt.
<work9.png, id=351, 299.31825pt x 30.1125pt>
File: work9.png Graphic file (type png)
<use work9.png>
Package pdftex.def Info: work9.png  used on input line 779.
(pdftex.def)             Requested size: 199.16928pt x 20.03741pt.
 [25 <./work7.png> <./work8.png> <./work9.png>]
<work10.png, id=373, 403.5075pt x 279.0425pt>
File: work10.png Graphic file (type png)
<use work10.png>
Package pdftex.def Info: work10.png  used on input line 795.
(pdftex.def)             Requested size: 199.16928pt x 137.7326pt.
<work11.png, id=374, 403.5075pt x 279.0425pt>
File: work11.png Graphic file (type png)
<use work11.png>
Package pdftex.def Info: work11.png  used on input line 805.
(pdftex.def)             Requested size: 199.16928pt x 137.7326pt.
<work12.png, id=375, 403.5075pt x 279.0425pt>
File: work12.png Graphic file (type png)
<use work12.png>
Package pdftex.def Info: work12.png  used on input line 816.
(pdftex.def)             Requested size: 199.16928pt x 137.7326pt.
[26 <./work10.png> <./work11.png>]
<work13.png, id=399, 305.34074pt x 22.28325pt>
File: work13.png Graphic file (type png)
<use work13.png>
Package pdftex.def Info: work13.png  used on input line 823.
(pdftex.def)             Requested size: 199.16928pt x 14.53526pt.
<work14.png, id=400, 403.5075pt x 279.0425pt>
File: work14.png Graphic file (type png)
<use work14.png>
Package pdftex.def Info: work14.png  used on input line 839.
(pdftex.def)             Requested size: 199.16928pt x 137.7326pt.
<work15.png, id=401, 397.485pt x 19.272pt>
File: work15.png Graphic file (type png)
<use work15.png>
Package pdftex.def Info: work15.png  used on input line 850.
(pdftex.def)             Requested size: 199.16928pt x 9.65685pt.
 [27 <./work12.png> <./work13.png> <./work14.png>]
<work16.png, id=429, 403.5075pt x 279.0425pt>
File: work16.png Graphic file (type png)
<use work16.png>
Package pdftex.def Info: work16.png  used on input line 856.
(pdftex.def)             Requested size: 199.16928pt x 137.7326pt.
<work17.png, id=430, 403.5075pt x 279.0425pt>
File: work17.png Graphic file (type png)
<use work17.png>
Package pdftex.def Info: work17.png  used on input line 871.
(pdftex.def)             Requested size: 199.16928pt x 137.7326pt.
<work18.png, id=431, 403.5075pt x 279.0425pt>
File: work18.png Graphic file (type png)
<use work18.png>
Package pdftex.def Info: work18.png  used on input line 881.
(pdftex.def)             Requested size: 199.16928pt x 137.7326pt.
 [28 <./work15.png> <./work16.png> <./work17.png>]
<work19.png, id=454, 403.5075pt x 279.0425pt>
File: work19.png Graphic file (type png)
<use work19.png>
Package pdftex.def Info: work19.png  used on input line 893.
(pdftex.def)             Requested size: 199.16928pt x 137.7326pt.
<work20.png, id=455, 392.667pt x 25.89674pt>
File: work20.png Graphic file (type png)
<use work20.png>
Package pdftex.def Info: work20.png  used on input line 900.
(pdftex.def)             Requested size: 199.16928pt x 13.13564pt.
 [29 <./work18.png> <./work19.png> <./work20.png>]
<work21.png, id=480, 403.5075pt x 279.0425pt>
File: work21.png Graphic file (type png)
<use work21.png>
Package pdftex.def Info: work21.png  used on input line 916.
(pdftex.def)             Requested size: 199.16928pt x 137.7326pt.
 [30 <./work21.png>] [31] (Shrey Project.aux)
Package rerunfilecheck Info: File `"Shrey Project".out' has not changed.
(rerunfilecheck)             Checksum: 8FEFC467A3954E9B640D1837CA2A9BF2;3025.
 )
(\end occurred inside a group at level 1)

### simple group (level 1) entered at line 341 ({)
### bottom level 
Here is how much of TeX's memory you used:
 16622 strings out of 478869
 244300 string characters out of 2860359
 990388 words of memory out of 3000000
 33998 multiletter control sequences out of 15000+600000
 439662 words of font info for 70 fonts, out of 8000000 for 9000
 1141 hyphenation exceptions out of 8191
 67i,14n,77p,991b,2128s stack positions out of 5000i,500n,10000p,200000b,80000s
{C:/Program Files/MiKTeX/fonts/enc/dvips/base/8r.enc}<C:/Progra
m Files/MiKTeX/fonts/type1/public/amsfonts/cm/cmex10.pfb><C:/Program Files/MiKT
eX/fonts/type1/public/amsfonts/cm/cmmi12.pfb><C:/Program Files/MiKTeX/fonts/typ
e1/public/amsfonts/cm/cmmi6.pfb><C:/Program Files/MiKTeX/fonts/type1/public/ams
fonts/cm/cmmi8.pfb><C:/Program Files/MiKTeX/fonts/type1/public/amsfonts/cm/cmr1
2.pfb><C:/Program Files/MiKTeX/fonts/type1/public/amsfonts/cm/cmr6.pfb><C:/Prog
ram Files/MiKTeX/fonts/type1/public/amsfonts/cm/cmr8.pfb><C:/Program Files/MiKT
eX/fonts/type1/public/amsfonts/cm/cmsy10.pfb><C:/Program Files/MiKTeX/fonts/typ
e1/public/amsfonts/cm/cmsy6.pfb><C:/Program Files/MiKTeX/fonts/type1/public/ams
fonts/cm/cmsy8.pfb><C:/Program Files/MiKTeX/fonts/type1/public/amsfonts/symbols
/msam10.pfb><C:/Program Files/MiKTeX/fonts/type1/public/amsfonts/symbols/msbm10
.pfb><C:/Program Files/MiKTeX/fonts/type1/urw/courier/ucrr8a.pfb><C:/Program Fi
les/MiKTeX/fonts/type1/urw/times/utmb8a.pfb><C:/Program Files/MiKTeX/fonts/type
1/urw/times/utmr8a.pfb><C:/Program Files/MiKTeX/fonts/type1/urw/times/utmri8a.p
fb>
Output written on "Shrey Project.pdf" (32 pages, 1086643 bytes).
PDF statistics:
 633 PDF objects out of 1000 (max. 8388607)
 244 named destinations out of 1000 (max. 500000)
 367 words of extra memory for PDF output out of 10000 (max. 10000000)

